The system is: Linux - 4.18.0-477.27.1.el8_8.x86_64 - x86_64
Compiling the C compiler identification source file "CMakeCCompilerId.c" succeeded.
Compiler: /usr/bin/cc 
Build flags: 
Id flags:  

The output was:
0


Compilation of the C compiler identification source "CMakeCCompilerId.c" produced "a.out"

The C compiler identification is GNU, found in "/nas/longleaf/home/terrell1/FiniteElasticityGit/FiniteElasticity/translate_bdf2/CMakeFiles/3.20.2/CompilerIdC/a.out"

Compiling the CXX compiler identification source file "CMakeCXXCompilerId.cpp" succeeded.
Compiler: /nas/longleaf/apps/gcc/11.2.0/bin/g++ 
Build flags: 
Id flags:  

The output was:
0


Compilation of the CXX compiler identification source "CMakeCXXCompilerId.cpp" produced "a.out"

The CXX compiler identification is GNU, found in "/nas/longleaf/home/terrell1/FiniteElasticityGit/FiniteElasticity/translate_bdf2/CMakeFiles/3.20.2/CompilerIdCXX/a.out"

Detecting C compiler ABI info compiled with the following output:
Change Dir: /nas/longleaf/home/terrell1/FiniteElasticityGit/FiniteElasticity/translate_bdf2/CMakeFiles/CMakeTmp

Run Build Command(s):/usr/bin/gmake -f Makefile cmTC_eb8a1/fast && /usr/bin/gmake  -f CMakeFiles/cmTC_eb8a1.dir/build.make CMakeFiles/cmTC_eb8a1.dir/build
gmake[1]: Entering directory '/nas/longleaf/home/terrell1/FiniteElasticityGit/FiniteElasticity/translate_bdf2/CMakeFiles/CMakeTmp'
Building C object CMakeFiles/cmTC_eb8a1.dir/CMakeCCompilerABI.c.o
/usr/bin/cc   -v -o CMakeFiles/cmTC_eb8a1.dir/CMakeCCompilerABI.c.o -c /usr/share/cmake/Modules/CMakeCCompilerABI.c
Using built-in specs.
COLLECT_GCC=/usr/bin/cc
OFFLOAD_TARGET_NAMES=nvptx-none
OFFLOAD_TARGET_DEFAULT=1
Target: x86_64-redhat-linux
Configured with: ../configure --enable-bootstrap --enable-languages=c,c++,fortran,lto --prefix=/usr --mandir=/usr/share/man --infodir=/usr/share/info --with-bugurl=http://bugzilla.redhat.com/bugzilla --enable-shared --enable-threads=posix --enable-checking=release --enable-multilib --with-system-zlib --enable-__cxa_atexit --disable-libunwind-exceptions --enable-gnu-unique-object --enable-linker-build-id --with-gcc-major-version-only --with-linker-hash-style=gnu --enable-plugin --enable-initfini-array --with-isl --disable-libmpx --enable-offload-targets=nvptx-none --without-cuda-driver --enable-gnu-indirect-function --enable-cet --with-tune=generic --with-arch_32=x86-64 --build=x86_64-redhat-linux
Thread model: posix
gcc version 8.5.0 20210514 (Red Hat 8.5.0-18) (GCC) 
COLLECT_GCC_OPTIONS='-v' '-o' 'CMakeFiles/cmTC_eb8a1.dir/CMakeCCompilerABI.c.o' '-c' '-mtune=generic' '-march=x86-64'
 /usr/libexec/gcc/x86_64-redhat-linux/8/cc1 -quiet -v /usr/share/cmake/Modules/CMakeCCompilerABI.c -quiet -dumpbase CMakeCCompilerABI.c -mtune=generic -march=x86-64 -auxbase-strip CMakeFiles/cmTC_eb8a1.dir/CMakeCCompilerABI.c.o -version -o /tmp/ccIX1ySj.s
GNU C17 (GCC) version 8.5.0 20210514 (Red Hat 8.5.0-18) (x86_64-redhat-linux)
	compiled by GNU C version 8.5.0 20210514 (Red Hat 8.5.0-18), GMP version 6.1.2, MPFR version 3.1.6-p2, MPC version 1.1.0, isl version isl-0.16.1-GMP

GGC heuristics: --param ggc-min-expand=100 --param ggc-min-heapsize=131072
ignoring nonexistent directory "/usr/lib/gcc/x86_64-redhat-linux/8/include-fixed"
ignoring nonexistent directory "/usr/lib/gcc/x86_64-redhat-linux/8/../../../../x86_64-redhat-linux/include"
#include "..." search starts here:
#include <...> search starts here:
 /nas/longleaf/rhel8/apps/gcc/11.2.0/include
 /nas/longleaf/rhel8/apps/gcc/11.2.0/include/c++/11.2.0
 /usr/lib/gcc/x86_64-redhat-linux/8/include
 /usr/local/include
 /usr/include
End of search list.
GNU C17 (GCC) version 8.5.0 20210514 (Red Hat 8.5.0-18) (x86_64-redhat-linux)
	compiled by GNU C version 8.5.0 20210514 (Red Hat 8.5.0-18), GMP version 6.1.2, MPFR version 3.1.6-p2, MPC version 1.1.0, isl version isl-0.16.1-GMP

GGC heuristics: --param ggc-min-expand=100 --param ggc-min-heapsize=131072
Compiler executable checksum: ae5be8313d783fa2a04890136904f364
COLLECT_GCC_OPTIONS='-v' '-o' 'CMakeFiles/cmTC_eb8a1.dir/CMakeCCompilerABI.c.o' '-c' '-mtune=generic' '-march=x86-64'
 as -v --64 -o CMakeFiles/cmTC_eb8a1.dir/CMakeCCompilerABI.c.o /tmp/ccIX1ySj.s
GNU assembler version 2.30 (x86_64-redhat-linux) using BFD version version 2.30-119.el8
COMPILER_PATH=/usr/libexec/gcc/x86_64-redhat-linux/8/:/usr/libexec/gcc/x86_64-redhat-linux/8/:/usr/libexec/gcc/x86_64-redhat-linux/:/usr/lib/gcc/x86_64-redhat-linux/8/:/usr/lib/gcc/x86_64-redhat-linux/
LIBRARY_PATH=/usr/lib/gcc/x86_64-redhat-linux/8/:/usr/lib/gcc/x86_64-redhat-linux/8/../../../../lib64/:/lib/../lib64/:/usr/lib/../lib64/:/usr/lib/gcc/x86_64-redhat-linux/8/../../../:/lib/:/usr/lib/
COLLECT_GCC_OPTIONS='-v' '-o' 'CMakeFiles/cmTC_eb8a1.dir/CMakeCCompilerABI.c.o' '-c' '-mtune=generic' '-march=x86-64'
Linking C executable cmTC_eb8a1
/usr/bin/cmake -E cmake_link_script CMakeFiles/cmTC_eb8a1.dir/link.txt --verbose=1
/usr/bin/cc  -v CMakeFiles/cmTC_eb8a1.dir/CMakeCCompilerABI.c.o -o cmTC_eb8a1 
Using built-in specs.
COLLECT_GCC=/usr/bin/cc
COLLECT_LTO_WRAPPER=/usr/libexec/gcc/x86_64-redhat-linux/8/lto-wrapper
OFFLOAD_TARGET_NAMES=nvptx-none
OFFLOAD_TARGET_DEFAULT=1
Target: x86_64-redhat-linux
Configured with: ../configure --enable-bootstrap --enable-languages=c,c++,fortran,lto --prefix=/usr --mandir=/usr/share/man --infodir=/usr/share/info --with-bugurl=http://bugzilla.redhat.com/bugzilla --enable-shared --enable-threads=posix --enable-checking=release --enable-multilib --with-system-zlib --enable-__cxa_atexit --disable-libunwind-exceptions --enable-gnu-unique-object --enable-linker-build-id --with-gcc-major-version-only --with-linker-hash-style=gnu --enable-plugin --enable-initfini-array --with-isl --disable-libmpx --enable-offload-targets=nvptx-none --without-cuda-driver --enable-gnu-indirect-function --enable-cet --with-tune=generic --with-arch_32=x86-64 --build=x86_64-redhat-linux
Thread model: posix
gcc version 8.5.0 20210514 (Red Hat 8.5.0-18) (GCC) 
COMPILER_PATH=/usr/libexec/gcc/x86_64-redhat-linux/8/:/usr/libexec/gcc/x86_64-redhat-linux/8/:/usr/libexec/gcc/x86_64-redhat-linux/:/usr/lib/gcc/x86_64-redhat-linux/8/:/usr/lib/gcc/x86_64-redhat-linux/
LIBRARY_PATH=/usr/lib/gcc/x86_64-redhat-linux/8/:/usr/lib/gcc/x86_64-redhat-linux/8/../../../../lib64/:/lib/../lib64/:/usr/lib/../lib64/:/usr/lib/gcc/x86_64-redhat-linux/8/../../../:/lib/:/usr/lib/
COLLECT_GCC_OPTIONS='-v' '-o' 'cmTC_eb8a1' '-mtune=generic' '-march=x86-64'
 /usr/libexec/gcc/x86_64-redhat-linux/8/collect2 -plugin /usr/libexec/gcc/x86_64-redhat-linux/8/liblto_plugin.so -plugin-opt=/usr/libexec/gcc/x86_64-redhat-linux/8/lto-wrapper -plugin-opt=-fresolution=/tmp/ccRd1ZtB.res -plugin-opt=-pass-through=-lgcc -plugin-opt=-pass-through=-lgcc_s -plugin-opt=-pass-through=-lc -plugin-opt=-pass-through=-lgcc -plugin-opt=-pass-through=-lgcc_s --build-id --no-add-needed --eh-frame-hdr --hash-style=gnu -m elf_x86_64 -dynamic-linker /lib64/ld-linux-x86-64.so.2 -o cmTC_eb8a1 /usr/lib/gcc/x86_64-redhat-linux/8/../../../../lib64/crt1.o /usr/lib/gcc/x86_64-redhat-linux/8/../../../../lib64/crti.o /usr/lib/gcc/x86_64-redhat-linux/8/crtbegin.o -L/usr/lib/gcc/x86_64-redhat-linux/8 -L/usr/lib/gcc/x86_64-redhat-linux/8/../../../../lib64 -L/lib/../lib64 -L/usr/lib/../lib64 -L/usr/lib/gcc/x86_64-redhat-linux/8/../../.. CMakeFiles/cmTC_eb8a1.dir/CMakeCCompilerABI.c.o -lgcc --as-needed -lgcc_s --no-as-needed -lc -lgcc --as-needed -lgcc_s --no-as-needed /usr/lib/gcc/x86_64-redhat-linux/8/crtend.o /usr/lib/gcc/x86_64-redhat-linux/8/../../../../lib64/crtn.o
COLLECT_GCC_OPTIONS='-v' '-o' 'cmTC_eb8a1' '-mtune=generic' '-march=x86-64'
gmake[1]: Leaving directory '/nas/longleaf/home/terrell1/FiniteElasticityGit/FiniteElasticity/translate_bdf2/CMakeFiles/CMakeTmp'



Parsed C implicit include dir info from above output: rv=done
  found start of include info
  found start of implicit include info
    add: [/nas/longleaf/rhel8/apps/gcc/11.2.0/include]
    add: [/nas/longleaf/rhel8/apps/gcc/11.2.0/include/c++/11.2.0]
    add: [/usr/lib/gcc/x86_64-redhat-linux/8/include]
    add: [/usr/local/include]
    add: [/usr/include]
  end of search list found
  collapse include dir [/nas/longleaf/rhel8/apps/gcc/11.2.0/include] ==> [/nas/longleaf/rhel8/apps/gcc/11.2.0/include]
  collapse include dir [/nas/longleaf/rhel8/apps/gcc/11.2.0/include/c++/11.2.0] ==> [/nas/longleaf/rhel8/apps/gcc/11.2.0/include/c++/11.2.0]
  collapse include dir [/usr/lib/gcc/x86_64-redhat-linux/8/include] ==> [/usr/lib/gcc/x86_64-redhat-linux/8/include]
  collapse include dir [/usr/local/include] ==> [/usr/local/include]
  collapse include dir [/usr/include] ==> [/usr/include]
  implicit include dirs: [/nas/longleaf/rhel8/apps/gcc/11.2.0/include;/nas/longleaf/rhel8/apps/gcc/11.2.0/include/c++/11.2.0;/usr/lib/gcc/x86_64-redhat-linux/8/include;/usr/local/include;/usr/include]


Parsed C implicit link information from above output:
  link line regex: [^( *|.*[/\])(ld|CMAKE_LINK_STARTFILE-NOTFOUND|([^/\]+-)?ld|collect2)[^/\]*( |$)]
  ignore line: [Change Dir: /nas/longleaf/home/terrell1/FiniteElasticityGit/FiniteElasticity/translate_bdf2/CMakeFiles/CMakeTmp]
  ignore line: []
  ignore line: [Run Build Command(s):/usr/bin/gmake -f Makefile cmTC_eb8a1/fast && /usr/bin/gmake  -f CMakeFiles/cmTC_eb8a1.dir/build.make CMakeFiles/cmTC_eb8a1.dir/build]
  ignore line: [gmake[1]: Entering directory '/nas/longleaf/home/terrell1/FiniteElasticityGit/FiniteElasticity/translate_bdf2/CMakeFiles/CMakeTmp']
  ignore line: [Building C object CMakeFiles/cmTC_eb8a1.dir/CMakeCCompilerABI.c.o]
  ignore line: [/usr/bin/cc   -v -o CMakeFiles/cmTC_eb8a1.dir/CMakeCCompilerABI.c.o -c /usr/share/cmake/Modules/CMakeCCompilerABI.c]
  ignore line: [Using built-in specs.]
  ignore line: [COLLECT_GCC=/usr/bin/cc]
  ignore line: [OFFLOAD_TARGET_NAMES=nvptx-none]
  ignore line: [OFFLOAD_TARGET_DEFAULT=1]
  ignore line: [Target: x86_64-redhat-linux]
  ignore line: [Configured with: ../configure --enable-bootstrap --enable-languages=c c++ fortran lto --prefix=/usr --mandir=/usr/share/man --infodir=/usr/share/info --with-bugurl=http://bugzilla.redhat.com/bugzilla --enable-shared --enable-threads=posix --enable-checking=release --enable-multilib --with-system-zlib --enable-__cxa_atexit --disable-libunwind-exceptions --enable-gnu-unique-object --enable-linker-build-id --with-gcc-major-version-only --with-linker-hash-style=gnu --enable-plugin --enable-initfini-array --with-isl --disable-libmpx --enable-offload-targets=nvptx-none --without-cuda-driver --enable-gnu-indirect-function --enable-cet --with-tune=generic --with-arch_32=x86-64 --build=x86_64-redhat-linux]
  ignore line: [Thread model: posix]
  ignore line: [gcc version 8.5.0 20210514 (Red Hat 8.5.0-18) (GCC) ]
  ignore line: [COLLECT_GCC_OPTIONS='-v' '-o' 'CMakeFiles/cmTC_eb8a1.dir/CMakeCCompilerABI.c.o' '-c' '-mtune=generic' '-march=x86-64']
  ignore line: [ /usr/libexec/gcc/x86_64-redhat-linux/8/cc1 -quiet -v /usr/share/cmake/Modules/CMakeCCompilerABI.c -quiet -dumpbase CMakeCCompilerABI.c -mtune=generic -march=x86-64 -auxbase-strip CMakeFiles/cmTC_eb8a1.dir/CMakeCCompilerABI.c.o -version -o /tmp/ccIX1ySj.s]
  ignore line: [GNU C17 (GCC) version 8.5.0 20210514 (Red Hat 8.5.0-18) (x86_64-redhat-linux)]
  ignore line: [	compiled by GNU C version 8.5.0 20210514 (Red Hat 8.5.0-18)  GMP version 6.1.2  MPFR version 3.1.6-p2  MPC version 1.1.0  isl version isl-0.16.1-GMP]
  ignore line: []
  ignore line: [GGC heuristics: --param ggc-min-expand=100 --param ggc-min-heapsize=131072]
  ignore line: [ignoring nonexistent directory "/usr/lib/gcc/x86_64-redhat-linux/8/include-fixed"]
  ignore line: [ignoring nonexistent directory "/usr/lib/gcc/x86_64-redhat-linux/8/../../../../x86_64-redhat-linux/include"]
  ignore line: [#include "..." search starts here:]
  ignore line: [#include <...> search starts here:]
  ignore line: [ /nas/longleaf/rhel8/apps/gcc/11.2.0/include]
  ignore line: [ /nas/longleaf/rhel8/apps/gcc/11.2.0/include/c++/11.2.0]
  ignore line: [ /usr/lib/gcc/x86_64-redhat-linux/8/include]
  ignore line: [ /usr/local/include]
  ignore line: [ /usr/include]
  ignore line: [End of search list.]
  ignore line: [GNU C17 (GCC) version 8.5.0 20210514 (Red Hat 8.5.0-18) (x86_64-redhat-linux)]
  ignore line: [	compiled by GNU C version 8.5.0 20210514 (Red Hat 8.5.0-18)  GMP version 6.1.2  MPFR version 3.1.6-p2  MPC version 1.1.0  isl version isl-0.16.1-GMP]
  ignore line: []
  ignore line: [GGC heuristics: --param ggc-min-expand=100 --param ggc-min-heapsize=131072]
  ignore line: [Compiler executable checksum: ae5be8313d783fa2a04890136904f364]
  ignore line: [COLLECT_GCC_OPTIONS='-v' '-o' 'CMakeFiles/cmTC_eb8a1.dir/CMakeCCompilerABI.c.o' '-c' '-mtune=generic' '-march=x86-64']
  ignore line: [ as -v --64 -o CMakeFiles/cmTC_eb8a1.dir/CMakeCCompilerABI.c.o /tmp/ccIX1ySj.s]
  ignore line: [GNU assembler version 2.30 (x86_64-redhat-linux) using BFD version version 2.30-119.el8]
  ignore line: [COMPILER_PATH=/usr/libexec/gcc/x86_64-redhat-linux/8/:/usr/libexec/gcc/x86_64-redhat-linux/8/:/usr/libexec/gcc/x86_64-redhat-linux/:/usr/lib/gcc/x86_64-redhat-linux/8/:/usr/lib/gcc/x86_64-redhat-linux/]
  ignore line: [LIBRARY_PATH=/usr/lib/gcc/x86_64-redhat-linux/8/:/usr/lib/gcc/x86_64-redhat-linux/8/../../../../lib64/:/lib/../lib64/:/usr/lib/../lib64/:/usr/lib/gcc/x86_64-redhat-linux/8/../../../:/lib/:/usr/lib/]
  ignore line: [COLLECT_GCC_OPTIONS='-v' '-o' 'CMakeFiles/cmTC_eb8a1.dir/CMakeCCompilerABI.c.o' '-c' '-mtune=generic' '-march=x86-64']
  ignore line: [Linking C executable cmTC_eb8a1]
  ignore line: [/usr/bin/cmake -E cmake_link_script CMakeFiles/cmTC_eb8a1.dir/link.txt --verbose=1]
  ignore line: [/usr/bin/cc  -v CMakeFiles/cmTC_eb8a1.dir/CMakeCCompilerABI.c.o -o cmTC_eb8a1 ]
  ignore line: [Using built-in specs.]
  ignore line: [COLLECT_GCC=/usr/bin/cc]
  ignore line: [COLLECT_LTO_WRAPPER=/usr/libexec/gcc/x86_64-redhat-linux/8/lto-wrapper]
  ignore line: [OFFLOAD_TARGET_NAMES=nvptx-none]
  ignore line: [OFFLOAD_TARGET_DEFAULT=1]
  ignore line: [Target: x86_64-redhat-linux]
  ignore line: [Configured with: ../configure --enable-bootstrap --enable-languages=c c++ fortran lto --prefix=/usr --mandir=/usr/share/man --infodir=/usr/share/info --with-bugurl=http://bugzilla.redhat.com/bugzilla --enable-shared --enable-threads=posix --enable-checking=release --enable-multilib --with-system-zlib --enable-__cxa_atexit --disable-libunwind-exceptions --enable-gnu-unique-object --enable-linker-build-id --with-gcc-major-version-only --with-linker-hash-style=gnu --enable-plugin --enable-initfini-array --with-isl --disable-libmpx --enable-offload-targets=nvptx-none --without-cuda-driver --enable-gnu-indirect-function --enable-cet --with-tune=generic --with-arch_32=x86-64 --build=x86_64-redhat-linux]
  ignore line: [Thread model: posix]
  ignore line: [gcc version 8.5.0 20210514 (Red Hat 8.5.0-18) (GCC) ]
  ignore line: [COMPILER_PATH=/usr/libexec/gcc/x86_64-redhat-linux/8/:/usr/libexec/gcc/x86_64-redhat-linux/8/:/usr/libexec/gcc/x86_64-redhat-linux/:/usr/lib/gcc/x86_64-redhat-linux/8/:/usr/lib/gcc/x86_64-redhat-linux/]
  ignore line: [LIBRARY_PATH=/usr/lib/gcc/x86_64-redhat-linux/8/:/usr/lib/gcc/x86_64-redhat-linux/8/../../../../lib64/:/lib/../lib64/:/usr/lib/../lib64/:/usr/lib/gcc/x86_64-redhat-linux/8/../../../:/lib/:/usr/lib/]
  ignore line: [COLLECT_GCC_OPTIONS='-v' '-o' 'cmTC_eb8a1' '-mtune=generic' '-march=x86-64']
  link line: [ /usr/libexec/gcc/x86_64-redhat-linux/8/collect2 -plugin /usr/libexec/gcc/x86_64-redhat-linux/8/liblto_plugin.so -plugin-opt=/usr/libexec/gcc/x86_64-redhat-linux/8/lto-wrapper -plugin-opt=-fresolution=/tmp/ccRd1ZtB.res -plugin-opt=-pass-through=-lgcc -plugin-opt=-pass-through=-lgcc_s -plugin-opt=-pass-through=-lc -plugin-opt=-pass-through=-lgcc -plugin-opt=-pass-through=-lgcc_s --build-id --no-add-needed --eh-frame-hdr --hash-style=gnu -m elf_x86_64 -dynamic-linker /lib64/ld-linux-x86-64.so.2 -o cmTC_eb8a1 /usr/lib/gcc/x86_64-redhat-linux/8/../../../../lib64/crt1.o /usr/lib/gcc/x86_64-redhat-linux/8/../../../../lib64/crti.o /usr/lib/gcc/x86_64-redhat-linux/8/crtbegin.o -L/usr/lib/gcc/x86_64-redhat-linux/8 -L/usr/lib/gcc/x86_64-redhat-linux/8/../../../../lib64 -L/lib/../lib64 -L/usr/lib/../lib64 -L/usr/lib/gcc/x86_64-redhat-linux/8/../../.. CMakeFiles/cmTC_eb8a1.dir/CMakeCCompilerABI.c.o -lgcc --as-needed -lgcc_s --no-as-needed -lc -lgcc --as-needed -lgcc_s --no-as-needed /usr/lib/gcc/x86_64-redhat-linux/8/crtend.o /usr/lib/gcc/x86_64-redhat-linux/8/../../../../lib64/crtn.o]
    arg [/usr/libexec/gcc/x86_64-redhat-linux/8/collect2] ==> ignore
    arg [-plugin] ==> ignore
    arg [/usr/libexec/gcc/x86_64-redhat-linux/8/liblto_plugin.so] ==> ignore
    arg [-plugin-opt=/usr/libexec/gcc/x86_64-redhat-linux/8/lto-wrapper] ==> ignore
    arg [-plugin-opt=-fresolution=/tmp/ccRd1ZtB.res] ==> ignore
    arg [-plugin-opt=-pass-through=-lgcc] ==> ignore
    arg [-plugin-opt=-pass-through=-lgcc_s] ==> ignore
    arg [-plugin-opt=-pass-through=-lc] ==> ignore
    arg [-plugin-opt=-pass-through=-lgcc] ==> ignore
    arg [-plugin-opt=-pass-through=-lgcc_s] ==> ignore
    arg [--build-id] ==> ignore
    arg [--no-add-needed] ==> ignore
    arg [--eh-frame-hdr] ==> ignore
    arg [--hash-style=gnu] ==> ignore
    arg [-m] ==> ignore
    arg [elf_x86_64] ==> ignore
    arg [-dynamic-linker] ==> ignore
    arg [/lib64/ld-linux-x86-64.so.2] ==> ignore
    arg [-o] ==> ignore
    arg [cmTC_eb8a1] ==> ignore
    arg [/usr/lib/gcc/x86_64-redhat-linux/8/../../../../lib64/crt1.o] ==> obj [/usr/lib/gcc/x86_64-redhat-linux/8/../../../../lib64/crt1.o]
    arg [/usr/lib/gcc/x86_64-redhat-linux/8/../../../../lib64/crti.o] ==> obj [/usr/lib/gcc/x86_64-redhat-linux/8/../../../../lib64/crti.o]
    arg [/usr/lib/gcc/x86_64-redhat-linux/8/crtbegin.o] ==> obj [/usr/lib/gcc/x86_64-redhat-linux/8/crtbegin.o]
    arg [-L/usr/lib/gcc/x86_64-redhat-linux/8] ==> dir [/usr/lib/gcc/x86_64-redhat-linux/8]
    arg [-L/usr/lib/gcc/x86_64-redhat-linux/8/../../../../lib64] ==> dir [/usr/lib/gcc/x86_64-redhat-linux/8/../../../../lib64]
    arg [-L/lib/../lib64] ==> dir [/lib/../lib64]
    arg [-L/usr/lib/../lib64] ==> dir [/usr/lib/../lib64]
    arg [-L/usr/lib/gcc/x86_64-redhat-linux/8/../../..] ==> dir [/usr/lib/gcc/x86_64-redhat-linux/8/../../..]
    arg [CMakeFiles/cmTC_eb8a1.dir/CMakeCCompilerABI.c.o] ==> ignore
    arg [-lgcc] ==> lib [gcc]
    arg [--as-needed] ==> ignore
    arg [-lgcc_s] ==> lib [gcc_s]
    arg [--no-as-needed] ==> ignore
    arg [-lc] ==> lib [c]
    arg [-lgcc] ==> lib [gcc]
    arg [--as-needed] ==> ignore
    arg [-lgcc_s] ==> lib [gcc_s]
    arg [--no-as-needed] ==> ignore
    arg [/usr/lib/gcc/x86_64-redhat-linux/8/crtend.o] ==> obj [/usr/lib/gcc/x86_64-redhat-linux/8/crtend.o]
    arg [/usr/lib/gcc/x86_64-redhat-linux/8/../../../../lib64/crtn.o] ==> obj [/usr/lib/gcc/x86_64-redhat-linux/8/../../../../lib64/crtn.o]
  collapse obj [/usr/lib/gcc/x86_64-redhat-linux/8/../../../../lib64/crt1.o] ==> [/usr/lib64/crt1.o]
  collapse obj [/usr/lib/gcc/x86_64-redhat-linux/8/../../../../lib64/crti.o] ==> [/usr/lib64/crti.o]
  collapse obj [/usr/lib/gcc/x86_64-redhat-linux/8/../../../../lib64/crtn.o] ==> [/usr/lib64/crtn.o]
  collapse library dir [/usr/lib/gcc/x86_64-redhat-linux/8] ==> [/usr/lib/gcc/x86_64-redhat-linux/8]
  collapse library dir [/usr/lib/gcc/x86_64-redhat-linux/8/../../../../lib64] ==> [/usr/lib64]
  collapse library dir [/lib/../lib64] ==> [/lib64]
  collapse library dir [/usr/lib/../lib64] ==> [/usr/lib64]
  collapse library dir [/usr/lib/gcc/x86_64-redhat-linux/8/../../..] ==> [/usr/lib]
  implicit libs: [gcc;gcc_s;c;gcc;gcc_s]
  implicit objs: [/usr/lib64/crt1.o;/usr/lib64/crti.o;/usr/lib/gcc/x86_64-redhat-linux/8/crtbegin.o;/usr/lib/gcc/x86_64-redhat-linux/8/crtend.o;/usr/lib64/crtn.o]
  implicit dirs: [/usr/lib/gcc/x86_64-redhat-linux/8;/usr/lib64;/lib64;/usr/lib]
  implicit fwks: []


Detecting CXX compiler ABI info compiled with the following output:
Change Dir: /nas/longleaf/home/terrell1/FiniteElasticityGit/FiniteElasticity/translate_bdf2/CMakeFiles/CMakeTmp

Run Build Command(s):/usr/bin/gmake -f Makefile cmTC_92317/fast && /usr/bin/gmake  -f CMakeFiles/cmTC_92317.dir/build.make CMakeFiles/cmTC_92317.dir/build
gmake[1]: Entering directory '/nas/longleaf/home/terrell1/FiniteElasticityGit/FiniteElasticity/translate_bdf2/CMakeFiles/CMakeTmp'
Building CXX object CMakeFiles/cmTC_92317.dir/CMakeCXXCompilerABI.cpp.o
/nas/longleaf/apps/gcc/11.2.0/bin/g++   -v -o CMakeFiles/cmTC_92317.dir/CMakeCXXCompilerABI.cpp.o -c /usr/share/cmake/Modules/CMakeCXXCompilerABI.cpp
Using built-in specs.
COLLECT_GCC=/nas/longleaf/apps/gcc/11.2.0/bin/g++
Target: x86_64-pc-linux-gnu
Configured with: ../gcc-11.2.0/configure --prefix=/nas/longleaf/apps/gcc/11.2.0 --enable-languages=c,c++,fortran,go --disable-multilib
Thread model: posix
Supported LTO compression algorithms: zlib zstd
gcc version 11.2.0 (GCC) 
COLLECT_GCC_OPTIONS='-v' '-o' 'CMakeFiles/cmTC_92317.dir/CMakeCXXCompilerABI.cpp.o' '-c' '-shared-libgcc' '-mtune=generic' '-march=x86-64' '-dumpdir' 'CMakeFiles/cmTC_92317.dir/'
 /nas/longleaf/apps/gcc/11.2.0/libexec/gcc/x86_64-pc-linux-gnu/11.2.0/cc1plus -quiet -v -D_GNU_SOURCE /usr/share/cmake/Modules/CMakeCXXCompilerABI.cpp -quiet -dumpdir CMakeFiles/cmTC_92317.dir/ -dumpbase CMakeCXXCompilerABI.cpp.cpp -dumpbase-ext .cpp -mtune=generic -march=x86-64 -version -o /tmp/cc3Kbyxs.s
GNU C++17 (GCC) version 11.2.0 (x86_64-pc-linux-gnu)
	compiled by GNU C version 11.2.0, GMP version 6.1.0, MPFR version 3.1.6, MPC version 1.0.3, isl version isl-0.18-GMP

GGC heuristics: --param ggc-min-expand=100 --param ggc-min-heapsize=131072
ignoring nonexistent directory "/nas/longleaf/apps/gcc/11.2.0/lib/gcc/x86_64-pc-linux-gnu/11.2.0/../../../../x86_64-pc-linux-gnu/include"
#include "..." search starts here:
#include <...> search starts here:
 /nas/longleaf/rhel8/apps/gcc/11.2.0/include
 /nas/longleaf/rhel8/apps/gcc/11.2.0/include/c++/11.2.0
 /nas/longleaf/apps/gcc/11.2.0/lib/gcc/x86_64-pc-linux-gnu/11.2.0/../../../../include/c++/11.2.0
 /nas/longleaf/apps/gcc/11.2.0/lib/gcc/x86_64-pc-linux-gnu/11.2.0/../../../../include/c++/11.2.0/x86_64-pc-linux-gnu
 /nas/longleaf/apps/gcc/11.2.0/lib/gcc/x86_64-pc-linux-gnu/11.2.0/../../../../include/c++/11.2.0/backward
 /nas/longleaf/apps/gcc/11.2.0/lib/gcc/x86_64-pc-linux-gnu/11.2.0/include
 /usr/local/include
 /nas/longleaf/apps/gcc/11.2.0/include
 /nas/longleaf/apps/gcc/11.2.0/lib/gcc/x86_64-pc-linux-gnu/11.2.0/include-fixed
 /usr/include
End of search list.
GNU C++17 (GCC) version 11.2.0 (x86_64-pc-linux-gnu)
	compiled by GNU C version 11.2.0, GMP version 6.1.0, MPFR version 3.1.6, MPC version 1.0.3, isl version isl-0.18-GMP

GGC heuristics: --param ggc-min-expand=100 --param ggc-min-heapsize=131072
Compiler executable checksum: 40326acb63cf37a08bf7c6ea4aa90068
COLLECT_GCC_OPTIONS='-v' '-o' 'CMakeFiles/cmTC_92317.dir/CMakeCXXCompilerABI.cpp.o' '-c' '-shared-libgcc' '-mtune=generic' '-march=x86-64' '-dumpdir' 'CMakeFiles/cmTC_92317.dir/'
 as -v --64 -o CMakeFiles/cmTC_92317.dir/CMakeCXXCompilerABI.cpp.o /tmp/cc3Kbyxs.s
GNU assembler version 2.30 (x86_64-redhat-linux) using BFD version version 2.30-119.el8
COMPILER_PATH=/nas/longleaf/apps/gcc/11.2.0/libexec/gcc/x86_64-pc-linux-gnu/11.2.0/:/nas/longleaf/apps/gcc/11.2.0/libexec/gcc/x86_64-pc-linux-gnu/11.2.0/:/nas/longleaf/apps/gcc/11.2.0/libexec/gcc/x86_64-pc-linux-gnu/:/nas/longleaf/apps/gcc/11.2.0/lib/gcc/x86_64-pc-linux-gnu/11.2.0/:/nas/longleaf/apps/gcc/11.2.0/lib/gcc/x86_64-pc-linux-gnu/
LIBRARY_PATH=/nas/longleaf/apps/gcc/11.2.0/lib/gcc/x86_64-pc-linux-gnu/11.2.0/:/nas/longleaf/apps/gcc/11.2.0/lib/gcc/x86_64-pc-linux-gnu/11.2.0/../../../../lib64/:/lib/../lib64/:/usr/lib/../lib64/:/nas/longleaf/apps/gcc/11.2.0/lib/gcc/x86_64-pc-linux-gnu/11.2.0/../../../:/lib/:/usr/lib/
COLLECT_GCC_OPTIONS='-v' '-o' 'CMakeFiles/cmTC_92317.dir/CMakeCXXCompilerABI.cpp.o' '-c' '-shared-libgcc' '-mtune=generic' '-march=x86-64' '-dumpdir' 'CMakeFiles/cmTC_92317.dir/CMakeCXXCompilerABI.cpp.'
Linking CXX executable cmTC_92317
/usr/bin/cmake -E cmake_link_script CMakeFiles/cmTC_92317.dir/link.txt --verbose=1
/nas/longleaf/apps/gcc/11.2.0/bin/g++  -v CMakeFiles/cmTC_92317.dir/CMakeCXXCompilerABI.cpp.o -o cmTC_92317 
Using built-in specs.
COLLECT_GCC=/nas/longleaf/apps/gcc/11.2.0/bin/g++
COLLECT_LTO_WRAPPER=/nas/longleaf/apps/gcc/11.2.0/libexec/gcc/x86_64-pc-linux-gnu/11.2.0/lto-wrapper
Target: x86_64-pc-linux-gnu
Configured with: ../gcc-11.2.0/configure --prefix=/nas/longleaf/apps/gcc/11.2.0 --enable-languages=c,c++,fortran,go --disable-multilib
Thread model: posix
Supported LTO compression algorithms: zlib zstd
gcc version 11.2.0 (GCC) 
COMPILER_PATH=/nas/longleaf/apps/gcc/11.2.0/libexec/gcc/x86_64-pc-linux-gnu/11.2.0/:/nas/longleaf/apps/gcc/11.2.0/libexec/gcc/x86_64-pc-linux-gnu/11.2.0/:/nas/longleaf/apps/gcc/11.2.0/libexec/gcc/x86_64-pc-linux-gnu/:/nas/longleaf/apps/gcc/11.2.0/lib/gcc/x86_64-pc-linux-gnu/11.2.0/:/nas/longleaf/apps/gcc/11.2.0/lib/gcc/x86_64-pc-linux-gnu/
LIBRARY_PATH=/nas/longleaf/apps/gcc/11.2.0/lib/gcc/x86_64-pc-linux-gnu/11.2.0/:/nas/longleaf/apps/gcc/11.2.0/lib/gcc/x86_64-pc-linux-gnu/11.2.0/../../../../lib64/:/lib/../lib64/:/usr/lib/../lib64/:/nas/longleaf/apps/gcc/11.2.0/lib/gcc/x86_64-pc-linux-gnu/11.2.0/../../../:/lib/:/usr/lib/
COLLECT_GCC_OPTIONS='-v' '-o' 'cmTC_92317' '-shared-libgcc' '-mtune=generic' '-march=x86-64' '-dumpdir' 'cmTC_92317.'
 /nas/longleaf/apps/gcc/11.2.0/libexec/gcc/x86_64-pc-linux-gnu/11.2.0/collect2 -plugin /nas/longleaf/apps/gcc/11.2.0/libexec/gcc/x86_64-pc-linux-gnu/11.2.0/liblto_plugin.so -plugin-opt=/nas/longleaf/apps/gcc/11.2.0/libexec/gcc/x86_64-pc-linux-gnu/11.2.0/lto-wrapper -plugin-opt=-fresolution=/tmp/ccZACSLk.res -plugin-opt=-pass-through=-lgcc_s -plugin-opt=-pass-through=-lgcc -plugin-opt=-pass-through=-lc -plugin-opt=-pass-through=-lgcc_s -plugin-opt=-pass-through=-lgcc --eh-frame-hdr -m elf_x86_64 -dynamic-linker /lib64/ld-linux-x86-64.so.2 -o cmTC_92317 /lib/../lib64/crt1.o /lib/../lib64/crti.o /nas/longleaf/apps/gcc/11.2.0/lib/gcc/x86_64-pc-linux-gnu/11.2.0/crtbegin.o -L/nas/longleaf/apps/gcc/11.2.0/lib/gcc/x86_64-pc-linux-gnu/11.2.0 -L/nas/longleaf/apps/gcc/11.2.0/lib/gcc/x86_64-pc-linux-gnu/11.2.0/../../../../lib64 -L/lib/../lib64 -L/usr/lib/../lib64 -L/nas/longleaf/apps/gcc/11.2.0/lib/gcc/x86_64-pc-linux-gnu/11.2.0/../../.. CMakeFiles/cmTC_92317.dir/CMakeCXXCompilerABI.cpp.o -lstdc++ -lm -lgcc_s -lgcc -lc -lgcc_s -lgcc /nas/longleaf/apps/gcc/11.2.0/lib/gcc/x86_64-pc-linux-gnu/11.2.0/crtend.o /lib/../lib64/crtn.o
COLLECT_GCC_OPTIONS='-v' '-o' 'cmTC_92317' '-shared-libgcc' '-mtune=generic' '-march=x86-64' '-dumpdir' 'cmTC_92317.'
gmake[1]: Leaving directory '/nas/longleaf/home/terrell1/FiniteElasticityGit/FiniteElasticity/translate_bdf2/CMakeFiles/CMakeTmp'



Parsed CXX implicit include dir info from above output: rv=done
  found start of include info
  found start of implicit include info
    add: [/nas/longleaf/rhel8/apps/gcc/11.2.0/include]
    add: [/nas/longleaf/rhel8/apps/gcc/11.2.0/include/c++/11.2.0]
    add: [/nas/longleaf/apps/gcc/11.2.0/lib/gcc/x86_64-pc-linux-gnu/11.2.0/../../../../include/c++/11.2.0]
    add: [/nas/longleaf/apps/gcc/11.2.0/lib/gcc/x86_64-pc-linux-gnu/11.2.0/../../../../include/c++/11.2.0/x86_64-pc-linux-gnu]
    add: [/nas/longleaf/apps/gcc/11.2.0/lib/gcc/x86_64-pc-linux-gnu/11.2.0/../../../../include/c++/11.2.0/backward]
    add: [/nas/longleaf/apps/gcc/11.2.0/lib/gcc/x86_64-pc-linux-gnu/11.2.0/include]
    add: [/usr/local/include]
    add: [/nas/longleaf/apps/gcc/11.2.0/include]
    add: [/nas/longleaf/apps/gcc/11.2.0/lib/gcc/x86_64-pc-linux-gnu/11.2.0/include-fixed]
    add: [/usr/include]
  end of search list found
  collapse include dir [/nas/longleaf/rhel8/apps/gcc/11.2.0/include] ==> [/nas/longleaf/rhel8/apps/gcc/11.2.0/include]
  collapse include dir [/nas/longleaf/rhel8/apps/gcc/11.2.0/include/c++/11.2.0] ==> [/nas/longleaf/rhel8/apps/gcc/11.2.0/include/c++/11.2.0]
  collapse include dir [/nas/longleaf/apps/gcc/11.2.0/lib/gcc/x86_64-pc-linux-gnu/11.2.0/../../../../include/c++/11.2.0] ==> [/nas/longleaf/apps/gcc/11.2.0/include/c++/11.2.0]
  collapse include dir [/nas/longleaf/apps/gcc/11.2.0/lib/gcc/x86_64-pc-linux-gnu/11.2.0/../../../../include/c++/11.2.0/x86_64-pc-linux-gnu] ==> [/nas/longleaf/apps/gcc/11.2.0/include/c++/11.2.0/x86_64-pc-linux-gnu]
  collapse include dir [/nas/longleaf/apps/gcc/11.2.0/lib/gcc/x86_64-pc-linux-gnu/11.2.0/../../../../include/c++/11.2.0/backward] ==> [/nas/longleaf/apps/gcc/11.2.0/include/c++/11.2.0/backward]
  collapse include dir [/nas/longleaf/apps/gcc/11.2.0/lib/gcc/x86_64-pc-linux-gnu/11.2.0/include] ==> [/nas/longleaf/apps/gcc/11.2.0/lib/gcc/x86_64-pc-linux-gnu/11.2.0/include]
  collapse include dir [/usr/local/include] ==> [/usr/local/include]
  collapse include dir [/nas/longleaf/apps/gcc/11.2.0/include] ==> [/nas/longleaf/apps/gcc/11.2.0/include]
  collapse include dir [/nas/longleaf/apps/gcc/11.2.0/lib/gcc/x86_64-pc-linux-gnu/11.2.0/include-fixed] ==> [/nas/longleaf/apps/gcc/11.2.0/lib/gcc/x86_64-pc-linux-gnu/11.2.0/include-fixed]
  collapse include dir [/usr/include] ==> [/usr/include]
  implicit include dirs: [/nas/longleaf/rhel8/apps/gcc/11.2.0/include;/nas/longleaf/rhel8/apps/gcc/11.2.0/include/c++/11.2.0;/nas/longleaf/apps/gcc/11.2.0/include/c++/11.2.0;/nas/longleaf/apps/gcc/11.2.0/include/c++/11.2.0/x86_64-pc-linux-gnu;/nas/longleaf/apps/gcc/11.2.0/include/c++/11.2.0/backward;/nas/longleaf/apps/gcc/11.2.0/lib/gcc/x86_64-pc-linux-gnu/11.2.0/include;/usr/local/include;/nas/longleaf/apps/gcc/11.2.0/include;/nas/longleaf/apps/gcc/11.2.0/lib/gcc/x86_64-pc-linux-gnu/11.2.0/include-fixed;/usr/include]


Parsed CXX implicit link information from above output:
  link line regex: [^( *|.*[/\])(ld|CMAKE_LINK_STARTFILE-NOTFOUND|([^/\]+-)?ld|collect2)[^/\]*( |$)]
  ignore line: [Change Dir: /nas/longleaf/home/terrell1/FiniteElasticityGit/FiniteElasticity/translate_bdf2/CMakeFiles/CMakeTmp]
  ignore line: []
  ignore line: [Run Build Command(s):/usr/bin/gmake -f Makefile cmTC_92317/fast && /usr/bin/gmake  -f CMakeFiles/cmTC_92317.dir/build.make CMakeFiles/cmTC_92317.dir/build]
  ignore line: [gmake[1]: Entering directory '/nas/longleaf/home/terrell1/FiniteElasticityGit/FiniteElasticity/translate_bdf2/CMakeFiles/CMakeTmp']
  ignore line: [Building CXX object CMakeFiles/cmTC_92317.dir/CMakeCXXCompilerABI.cpp.o]
  ignore line: [/nas/longleaf/apps/gcc/11.2.0/bin/g++   -v -o CMakeFiles/cmTC_92317.dir/CMakeCXXCompilerABI.cpp.o -c /usr/share/cmake/Modules/CMakeCXXCompilerABI.cpp]
  ignore line: [Using built-in specs.]
  ignore line: [COLLECT_GCC=/nas/longleaf/apps/gcc/11.2.0/bin/g++]
  ignore line: [Target: x86_64-pc-linux-gnu]
  ignore line: [Configured with: ../gcc-11.2.0/configure --prefix=/nas/longleaf/apps/gcc/11.2.0 --enable-languages=c c++ fortran go --disable-multilib]
  ignore line: [Thread model: posix]
  ignore line: [Supported LTO compression algorithms: zlib zstd]
  ignore line: [gcc version 11.2.0 (GCC) ]
  ignore line: [COLLECT_GCC_OPTIONS='-v' '-o' 'CMakeFiles/cmTC_92317.dir/CMakeCXXCompilerABI.cpp.o' '-c' '-shared-libgcc' '-mtune=generic' '-march=x86-64' '-dumpdir' 'CMakeFiles/cmTC_92317.dir/']
  ignore line: [ /nas/longleaf/apps/gcc/11.2.0/libexec/gcc/x86_64-pc-linux-gnu/11.2.0/cc1plus -quiet -v -D_GNU_SOURCE /usr/share/cmake/Modules/CMakeCXXCompilerABI.cpp -quiet -dumpdir CMakeFiles/cmTC_92317.dir/ -dumpbase CMakeCXXCompilerABI.cpp.cpp -dumpbase-ext .cpp -mtune=generic -march=x86-64 -version -o /tmp/cc3Kbyxs.s]
  ignore line: [GNU C++17 (GCC) version 11.2.0 (x86_64-pc-linux-gnu)]
  ignore line: [	compiled by GNU C version 11.2.0  GMP version 6.1.0  MPFR version 3.1.6  MPC version 1.0.3  isl version isl-0.18-GMP]
  ignore line: []
  ignore line: [GGC heuristics: --param ggc-min-expand=100 --param ggc-min-heapsize=131072]
  ignore line: [ignoring nonexistent directory "/nas/longleaf/apps/gcc/11.2.0/lib/gcc/x86_64-pc-linux-gnu/11.2.0/../../../../x86_64-pc-linux-gnu/include"]
  ignore line: [#include "..." search starts here:]
  ignore line: [#include <...> search starts here:]
  ignore line: [ /nas/longleaf/rhel8/apps/gcc/11.2.0/include]
  ignore line: [ /nas/longleaf/rhel8/apps/gcc/11.2.0/include/c++/11.2.0]
  ignore line: [ /nas/longleaf/apps/gcc/11.2.0/lib/gcc/x86_64-pc-linux-gnu/11.2.0/../../../../include/c++/11.2.0]
  ignore line: [ /nas/longleaf/apps/gcc/11.2.0/lib/gcc/x86_64-pc-linux-gnu/11.2.0/../../../../include/c++/11.2.0/x86_64-pc-linux-gnu]
  ignore line: [ /nas/longleaf/apps/gcc/11.2.0/lib/gcc/x86_64-pc-linux-gnu/11.2.0/../../../../include/c++/11.2.0/backward]
  ignore line: [ /nas/longleaf/apps/gcc/11.2.0/lib/gcc/x86_64-pc-linux-gnu/11.2.0/include]
  ignore line: [ /usr/local/include]
  ignore line: [ /nas/longleaf/apps/gcc/11.2.0/include]
  ignore line: [ /nas/longleaf/apps/gcc/11.2.0/lib/gcc/x86_64-pc-linux-gnu/11.2.0/include-fixed]
  ignore line: [ /usr/include]
  ignore line: [End of search list.]
  ignore line: [GNU C++17 (GCC) version 11.2.0 (x86_64-pc-linux-gnu)]
  ignore line: [	compiled by GNU C version 11.2.0  GMP version 6.1.0  MPFR version 3.1.6  MPC version 1.0.3  isl version isl-0.18-GMP]
  ignore line: []
  ignore line: [GGC heuristics: --param ggc-min-expand=100 --param ggc-min-heapsize=131072]
  ignore line: [Compiler executable checksum: 40326acb63cf37a08bf7c6ea4aa90068]
  ignore line: [COLLECT_GCC_OPTIONS='-v' '-o' 'CMakeFiles/cmTC_92317.dir/CMakeCXXCompilerABI.cpp.o' '-c' '-shared-libgcc' '-mtune=generic' '-march=x86-64' '-dumpdir' 'CMakeFiles/cmTC_92317.dir/']
  ignore line: [ as -v --64 -o CMakeFiles/cmTC_92317.dir/CMakeCXXCompilerABI.cpp.o /tmp/cc3Kbyxs.s]
  ignore line: [GNU assembler version 2.30 (x86_64-redhat-linux) using BFD version version 2.30-119.el8]
  ignore line: [COMPILER_PATH=/nas/longleaf/apps/gcc/11.2.0/libexec/gcc/x86_64-pc-linux-gnu/11.2.0/:/nas/longleaf/apps/gcc/11.2.0/libexec/gcc/x86_64-pc-linux-gnu/11.2.0/:/nas/longleaf/apps/gcc/11.2.0/libexec/gcc/x86_64-pc-linux-gnu/:/nas/longleaf/apps/gcc/11.2.0/lib/gcc/x86_64-pc-linux-gnu/11.2.0/:/nas/longleaf/apps/gcc/11.2.0/lib/gcc/x86_64-pc-linux-gnu/]
  ignore line: [LIBRARY_PATH=/nas/longleaf/apps/gcc/11.2.0/lib/gcc/x86_64-pc-linux-gnu/11.2.0/:/nas/longleaf/apps/gcc/11.2.0/lib/gcc/x86_64-pc-linux-gnu/11.2.0/../../../../lib64/:/lib/../lib64/:/usr/lib/../lib64/:/nas/longleaf/apps/gcc/11.2.0/lib/gcc/x86_64-pc-linux-gnu/11.2.0/../../../:/lib/:/usr/lib/]
  ignore line: [COLLECT_GCC_OPTIONS='-v' '-o' 'CMakeFiles/cmTC_92317.dir/CMakeCXXCompilerABI.cpp.o' '-c' '-shared-libgcc' '-mtune=generic' '-march=x86-64' '-dumpdir' 'CMakeFiles/cmTC_92317.dir/CMakeCXXCompilerABI.cpp.']
  ignore line: [Linking CXX executable cmTC_92317]
  ignore line: [/usr/bin/cmake -E cmake_link_script CMakeFiles/cmTC_92317.dir/link.txt --verbose=1]
  ignore line: [/nas/longleaf/apps/gcc/11.2.0/bin/g++  -v CMakeFiles/cmTC_92317.dir/CMakeCXXCompilerABI.cpp.o -o cmTC_92317 ]
  ignore line: [Using built-in specs.]
  ignore line: [COLLECT_GCC=/nas/longleaf/apps/gcc/11.2.0/bin/g++]
  ignore line: [COLLECT_LTO_WRAPPER=/nas/longleaf/apps/gcc/11.2.0/libexec/gcc/x86_64-pc-linux-gnu/11.2.0/lto-wrapper]
  ignore line: [Target: x86_64-pc-linux-gnu]
  ignore line: [Configured with: ../gcc-11.2.0/configure --prefix=/nas/longleaf/apps/gcc/11.2.0 --enable-languages=c c++ fortran go --disable-multilib]
  ignore line: [Thread model: posix]
  ignore line: [Supported LTO compression algorithms: zlib zstd]
  ignore line: [gcc version 11.2.0 (GCC) ]
  ignore line: [COMPILER_PATH=/nas/longleaf/apps/gcc/11.2.0/libexec/gcc/x86_64-pc-linux-gnu/11.2.0/:/nas/longleaf/apps/gcc/11.2.0/libexec/gcc/x86_64-pc-linux-gnu/11.2.0/:/nas/longleaf/apps/gcc/11.2.0/libexec/gcc/x86_64-pc-linux-gnu/:/nas/longleaf/apps/gcc/11.2.0/lib/gcc/x86_64-pc-linux-gnu/11.2.0/:/nas/longleaf/apps/gcc/11.2.0/lib/gcc/x86_64-pc-linux-gnu/]
  ignore line: [LIBRARY_PATH=/nas/longleaf/apps/gcc/11.2.0/lib/gcc/x86_64-pc-linux-gnu/11.2.0/:/nas/longleaf/apps/gcc/11.2.0/lib/gcc/x86_64-pc-linux-gnu/11.2.0/../../../../lib64/:/lib/../lib64/:/usr/lib/../lib64/:/nas/longleaf/apps/gcc/11.2.0/lib/gcc/x86_64-pc-linux-gnu/11.2.0/../../../:/lib/:/usr/lib/]
  ignore line: [COLLECT_GCC_OPTIONS='-v' '-o' 'cmTC_92317' '-shared-libgcc' '-mtune=generic' '-march=x86-64' '-dumpdir' 'cmTC_92317.']
  link line: [ /nas/longleaf/apps/gcc/11.2.0/libexec/gcc/x86_64-pc-linux-gnu/11.2.0/collect2 -plugin /nas/longleaf/apps/gcc/11.2.0/libexec/gcc/x86_64-pc-linux-gnu/11.2.0/liblto_plugin.so -plugin-opt=/nas/longleaf/apps/gcc/11.2.0/libexec/gcc/x86_64-pc-linux-gnu/11.2.0/lto-wrapper -plugin-opt=-fresolution=/tmp/ccZACSLk.res -plugin-opt=-pass-through=-lgcc_s -plugin-opt=-pass-through=-lgcc -plugin-opt=-pass-through=-lc -plugin-opt=-pass-through=-lgcc_s -plugin-opt=-pass-through=-lgcc --eh-frame-hdr -m elf_x86_64 -dynamic-linker /lib64/ld-linux-x86-64.so.2 -o cmTC_92317 /lib/../lib64/crt1.o /lib/../lib64/crti.o /nas/longleaf/apps/gcc/11.2.0/lib/gcc/x86_64-pc-linux-gnu/11.2.0/crtbegin.o -L/nas/longleaf/apps/gcc/11.2.0/lib/gcc/x86_64-pc-linux-gnu/11.2.0 -L/nas/longleaf/apps/gcc/11.2.0/lib/gcc/x86_64-pc-linux-gnu/11.2.0/../../../../lib64 -L/lib/../lib64 -L/usr/lib/../lib64 -L/nas/longleaf/apps/gcc/11.2.0/lib/gcc/x86_64-pc-linux-gnu/11.2.0/../../.. CMakeFiles/cmTC_92317.dir/CMakeCXXCompilerABI.cpp.o -lstdc++ -lm -lgcc_s -lgcc -lc -lgcc_s -lgcc /nas/longleaf/apps/gcc/11.2.0/lib/gcc/x86_64-pc-linux-gnu/11.2.0/crtend.o /lib/../lib64/crtn.o]
    arg [/nas/longleaf/apps/gcc/11.2.0/libexec/gcc/x86_64-pc-linux-gnu/11.2.0/collect2] ==> ignore
    arg [-plugin] ==> ignore
    arg [/nas/longleaf/apps/gcc/11.2.0/libexec/gcc/x86_64-pc-linux-gnu/11.2.0/liblto_plugin.so] ==> ignore
    arg [-plugin-opt=/nas/longleaf/apps/gcc/11.2.0/libexec/gcc/x86_64-pc-linux-gnu/11.2.0/lto-wrapper] ==> ignore
    arg [-plugin-opt=-fresolution=/tmp/ccZACSLk.res] ==> ignore
    arg [-plugin-opt=-pass-through=-lgcc_s] ==> ignore
    arg [-plugin-opt=-pass-through=-lgcc] ==> ignore
    arg [-plugin-opt=-pass-through=-lc] ==> ignore
    arg [-plugin-opt=-pass-through=-lgcc_s] ==> ignore
    arg [-plugin-opt=-pass-through=-lgcc] ==> ignore
    arg [--eh-frame-hdr] ==> ignore
    arg [-m] ==> ignore
    arg [elf_x86_64] ==> ignore
    arg [-dynamic-linker] ==> ignore
    arg [/lib64/ld-linux-x86-64.so.2] ==> ignore
    arg [-o] ==> ignore
    arg [cmTC_92317] ==> ignore
    arg [/lib/../lib64/crt1.o] ==> obj [/lib/../lib64/crt1.o]
    arg [/lib/../lib64/crti.o] ==> obj [/lib/../lib64/crti.o]
    arg [/nas/longleaf/apps/gcc/11.2.0/lib/gcc/x86_64-pc-linux-gnu/11.2.0/crtbegin.o] ==> obj [/nas/longleaf/apps/gcc/11.2.0/lib/gcc/x86_64-pc-linux-gnu/11.2.0/crtbegin.o]
    arg [-L/nas/longleaf/apps/gcc/11.2.0/lib/gcc/x86_64-pc-linux-gnu/11.2.0] ==> dir [/nas/longleaf/apps/gcc/11.2.0/lib/gcc/x86_64-pc-linux-gnu/11.2.0]
    arg [-L/nas/longleaf/apps/gcc/11.2.0/lib/gcc/x86_64-pc-linux-gnu/11.2.0/../../../../lib64] ==> dir [/nas/longleaf/apps/gcc/11.2.0/lib/gcc/x86_64-pc-linux-gnu/11.2.0/../../../../lib64]
    arg [-L/lib/../lib64] ==> dir [/lib/../lib64]
    arg [-L/usr/lib/../lib64] ==> dir [/usr/lib/../lib64]
    arg [-L/nas/longleaf/apps/gcc/11.2.0/lib/gcc/x86_64-pc-linux-gnu/11.2.0/../../..] ==> dir [/nas/longleaf/apps/gcc/11.2.0/lib/gcc/x86_64-pc-linux-gnu/11.2.0/../../..]
    arg [CMakeFiles/cmTC_92317.dir/CMakeCXXCompilerABI.cpp.o] ==> ignore
    arg [-lstdc++] ==> lib [stdc++]
    arg [-lm] ==> lib [m]
    arg [-lgcc_s] ==> lib [gcc_s]
    arg [-lgcc] ==> lib [gcc]
    arg [-lc] ==> lib [c]
    arg [-lgcc_s] ==> lib [gcc_s]
    arg [-lgcc] ==> lib [gcc]
    arg [/nas/longleaf/apps/gcc/11.2.0/lib/gcc/x86_64-pc-linux-gnu/11.2.0/crtend.o] ==> obj [/nas/longleaf/apps/gcc/11.2.0/lib/gcc/x86_64-pc-linux-gnu/11.2.0/crtend.o]
    arg [/lib/../lib64/crtn.o] ==> obj [/lib/../lib64/crtn.o]
  collapse obj [/lib/../lib64/crt1.o] ==> [/lib64/crt1.o]
  collapse obj [/lib/../lib64/crti.o] ==> [/lib64/crti.o]
  collapse obj [/lib/../lib64/crtn.o] ==> [/lib64/crtn.o]
  collapse library dir [/nas/longleaf/apps/gcc/11.2.0/lib/gcc/x86_64-pc-linux-gnu/11.2.0] ==> [/nas/longleaf/apps/gcc/11.2.0/lib/gcc/x86_64-pc-linux-gnu/11.2.0]
  collapse library dir [/nas/longleaf/apps/gcc/11.2.0/lib/gcc/x86_64-pc-linux-gnu/11.2.0/../../../../lib64] ==> [/nas/longleaf/apps/gcc/11.2.0/lib64]
  collapse library dir [/lib/../lib64] ==> [/lib64]
  collapse library dir [/usr/lib/../lib64] ==> [/usr/lib64]
  collapse library dir [/nas/longleaf/apps/gcc/11.2.0/lib/gcc/x86_64-pc-linux-gnu/11.2.0/../../..] ==> [/nas/longleaf/apps/gcc/11.2.0/lib]
  implicit libs: [stdc++;m;gcc_s;gcc;c;gcc_s;gcc]
  implicit objs: [/lib64/crt1.o;/lib64/crti.o;/nas/longleaf/apps/gcc/11.2.0/lib/gcc/x86_64-pc-linux-gnu/11.2.0/crtbegin.o;/nas/longleaf/apps/gcc/11.2.0/lib/gcc/x86_64-pc-linux-gnu/11.2.0/crtend.o;/lib64/crtn.o]
  implicit dirs: [/nas/longleaf/apps/gcc/11.2.0/lib/gcc/x86_64-pc-linux-gnu/11.2.0;/nas/longleaf/apps/gcc/11.2.0/lib64;/lib64;/usr/lib64;/nas/longleaf/apps/gcc/11.2.0/lib]
  implicit fwks: []


